#
# A fatal error has been detected by the Java Runtime Environment:
#
#  EXCEPTION_ACCESS_VIOLATION (0xc0000005) at pc=0x00007ffb03c9b6d7, pid=10928, tid=2644
#
# JRE version: Java(TM) SE Runtime Environment 18.9 (11.0.16.1+1) (build 11.0.16.1+1-LTS-1)
# Java VM: Java HotSpot(TM) 64-Bit Server VM 18.9 (11.0.16.1+1-LTS-1, mixed mode, tiered, compressed oops, g1 gc, windows-amd64)
# Problematic frame:
# V  [jvm.dll+0x6ab6d7]
#
# No core dump will be written. Minidumps are not enabled by default on client versions of Windows
#
# If you would like to submit a bug report, please visit:
#   https://bugreport.java.com/bugreport/crash.jsp
#

---------------  S U M M A R Y ------------

Command Line: -XX:TieredStopAtLevel=1 -Xverify:none -Dspring.output.ansi.enabled=always -Dcom.sun.management.jmxremote -Dspring.jmx.enabled=true -Dspring.liveBeansView.mbeanDomain -Dspring.application.admin.enabled=true -javaagent:F:\MBL\study\codingfile\launcher\JavaFile\ideaIU-2022.2.2.win\lib\idea_rt.jar=65389:F:\MBL\study\codingfile\launcher\JavaFile\ideaIU-2022.2.2.win\bin -Dfile.encoding=UTF-8 com.dyd.startravle.StartravleApplication

Host: Intel(R) Core(TM) i5-8265U CPU @ 1.60GHz, 8 cores, 7G,  Windows 10 , 64 bit Build 19041 (10.0.19041.2251)
Time: Tue Nov 29 00:14:36 2022  Windows 10 , 64 bit Build 19041 (10.0.19041.2251) elapsed time: 7644.157196 seconds (0d 2h 7m 24s)

---------------  T H R E A D  ---------------

Current thread (0x00000240dcc25000):  JavaThread "http-nio-8088-exec-9" daemon [_thread_in_vm, id=2644, stack(0x000000b0aa900000,0x000000b0aaa00000)]

Stack: [0x000000b0aa900000,0x000000b0aaa00000],  sp=0x000000b0aa9fecf0,  free space=1019k
Native frames: (J=compiled Java code, j=interpreted, Vv=VM code, C=native code)
V  [jvm.dll+0x6ab6d7]
V  [jvm.dll+0x2c0cb0]
V  [jvm.dll+0x35ecf2]
V  [jvm.dll+0x35e4b8]
C  0x00000240c355d4d8

Java frames: (J=compiled Java code, j=interpreted, Vv=VM code)
j  org.apache.tomcat.util.threads.ThreadPoolExecutor.runWorker(Lorg/apache/tomcat/util/threads/ThreadPoolExecutor$Worker;)V+168
j  org.apache.tomcat.util.threads.ThreadPoolExecutor$Worker.run()V+5
j  org.apache.tomcat.util.threads.TaskThread$WrappingRunnable.run()V+4
j  java.lang.Thread.run()V+11 java.base@11.0.16.1
v  ~StubRoutines::call_stub

siginfo: EXCEPTION_ACCESS_VIOLATION (0xc0000005), reading address 0x00001ff8000003fe


Register to memory mapping:

RIP=0x00007ffb03c9b6d7 jvm.dll
RAX=0x0 is NULL
RBX=0x000000b0aa9fed50 is pointing into the stack for thread: 0x00000240dcc25000
RCX=0x000000b0aa9fed50 is pointing into the stack for thread: 0x00000240dcc25000
RDX=0x00001ff8000003f8 is an unknown value
RSP=0x000000b0aa9fecf0 is pointing into the stack for thread: 0x00000240dcc25000
RBP=0x000000b0aa9fee90 is pointing into the stack for thread: 0x00000240dcc25000
RSI=0x00000240dcc25000 is a thread
RDI={method} {0x00000240deaa23b8} 'runWorker' '(Lorg/apache/tomcat/util/threads/ThreadPoolExecutor$Worker;)V' in 'org/apache/tomcat/util/threads/ThreadPoolExecutor'
R8 =0x0 is NULL
R9 =0x00000240deaa0040 is pointing into metadata
R10=0x00000240c3540000 points into unknown readable memory: 0x0000000000000004 | 04 00 00 00 00 00 00 00
R11=0x00000240c3e71540 is at entry_point+32 in (nmethod*)0x00000240c3e71390
R12=0x00000240dc610410 points into unknown readable memory: 0x0000000000000000 | 00 00 00 00 00 00 00 00
R13=0x00000000000000b7 is an unknown value
R14=0x00000240dc610420 points into unknown readable memory: 0x65746e692e6b646a | 6a 64 6b 2e 69 6e 74 65
R15=0x0 is NULL


Registers:
RAX=0x0000000000000000, RBX=0x000000b0aa9fed50, RCX=0x000000b0aa9fed50, RDX=0x00001ff8000003f8
RSP=0x000000b0aa9fecf0, RBP=0x000000b0aa9fee90, RSI=0x00000240dcc25000, RDI=0x00000240deaa23b0
R8 =0x0000000000000000, R9 =0x00000240deaa0040, R10=0x00000240c3540000, R11=0x00000240c3e71540
R12=0x00000240dc610410, R13=0x00000000000000b7, R14=0x00000240dc610420, R15=0x0000000000000000
RIP=0x00007ffb03c9b6d7, EFLAGS=0x0000000000010246

Top of Stack: (sp=0x000000b0aa9fecf0)
0x000000b0aa9fecf0:   00000240dcc25000 00007ffb038b25ef
0x000000b0aa9fed00:   00000240dcc25000 00007ffb038b25ef
0x000000b0aa9fed10:   0000000087c5d201 000000b0aa9fefa8
0x000000b0aa9fed20:   000000b0aa9fede0 00007ffb038b0cb0
0x000000b0aa9fed30:   000000b0aa9fee70 00007ffb038b258c
0x000000b0aa9fed40:   000000b0aa9feea0 0000000000000000
0x000000b0aa9fed50:   00007ffb03e227d8 00001ff8000003f8
0x000000b0aa9fed60:   0000000000000000 00007ffb00000063
0x000000b0aa9fed70:   0000000087c50000 000000b0aa9ff030
0x000000b0aa9fed80:   00000240dcb6aa10 00007ffb0394ecf2
0x000000b0aa9fed90:   00000240dcb6aa10 00000240dcc25000
0x000000b0aa9feda0:   00000240deaa0040 00000240dcb2b528
0x000000b0aa9fedb0:   000000b0aa9feea0 00000240dcb6acd0
0x000000b0aa9fedc0:   00000240deaa23b0 00000240dcc25000
0x000000b0aa9fedd0:   00000240dc6107f8 00000240dcc25000
0x000000b0aa9fede0:   000000b0aa9ff020 00000240c355d492 

Instructions: (pc=0x00007ffb03c9b6d7)
0x00007ffb03c9b6b7:   cc cc cc cc cc cc cc cc cc 40 53 48 83 ec 30 48
0x00007ffb03c9b6c7:   8b 51 08 33 c0 48 c7 41 10 00 00 00 00 48 8b d9
0x00007ffb03c9b6d7:   80 7a 06 28 74 30 4c 8d 0d bc 67 21 00 c7 44 24
0x00007ffb03c9b6e7:   20 28 00 00 00 44 8d 40 35 b9 00 00 00 e0 48 8d 


Stack slot to memory mapping:
stack at sp + 0 slots: 0x00000240dcc25000 is a thread
stack at sp + 1 slots: 0x00007ffb038b25ef jvm.dll
stack at sp + 2 slots: 0x00000240dcc25000 is a thread
stack at sp + 3 slots: 0x00007ffb038b25ef jvm.dll
stack at sp + 4 slots: 
[error occurred during error reporting (inspecting top of stack), id 0xc0000005, EXCEPTION_ACCESS_VIOLATION (0xc0000005) at pc=0x00007ffb03771576]


---------------  P R O C E S S  ---------------

Threads class SMR info:
_java_thread_list=0x00000240dadaa700, length=29, elements={
0x00000240d9d21000, 0x00000240d9d22000, 0x00000240da5a4000, 0x00000240da5a6000,
0x00000240da5a7000, 0x00000240da5ab000, 0x00000240da5ce000, 0x00000240d9cb8000,
0x00000240daa0f000, 0x00000240dabe2000, 0x00000240db123800, 0x00000240dc613800,
0x00000240dc5fc800, 0x00000240daac1800, 0x00000240daac4000, 0x00000240dc7ce000,
0x00000240dc8f0800, 0x00000240dc8f2000, 0x00000240dc8ee000, 0x00000240dc8ec800,
0x00000240dc8ef800, 0x00000240dc8ef000, 0x00000240dc8f3000, 0x00000240dc8f1800,
0x00000240dcc25000, 0x00000240dcc27800, 0x00000240dcc23800, 0x00000240dcc2a000,
0x00000240dcc24000
}

Java Threads: ( => current thread )
  0x00000240d9d21000 JavaThread "Reference Handler" daemon [_thread_blocked, id=2568, stack(0x000000b0a8500000,0x000000b0a8600000)]
  0x00000240d9d22000 JavaThread "Finalizer" daemon [_thread_blocked, id=7528, stack(0x000000b0a8600000,0x000000b0a8700000)]
  0x00000240da5a4000 JavaThread "Signal Dispatcher" daemon [_thread_blocked, id=13444, stack(0x000000b0a8700000,0x000000b0a8800000)]
  0x00000240da5a6000 JavaThread "Attach Listener" daemon [_thread_blocked, id=7828, stack(0x000000b0a8800000,0x000000b0a8900000)]
  0x00000240da5a7000 JavaThread "Service Thread" daemon [_thread_blocked, id=2412, stack(0x000000b0a8900000,0x000000b0a8a00000)]
  0x00000240da5ab000 JavaThread "C1 CompilerThread0" daemon [_thread_blocked, id=13236, stack(0x000000b0a8a00000,0x000000b0a8b00000)]
  0x00000240da5ce000 JavaThread "Sweeper thread" daemon [_thread_blocked, id=10276, stack(0x000000b0a8b00000,0x000000b0a8c00000)]
  0x00000240d9cb8000 JavaThread "Common-Cleaner" daemon [_thread_blocked, id=8552, stack(0x000000b0a8c00000,0x000000b0a8d00000)]
  0x00000240daa0f000 JavaThread "Monitor Ctrl-Break" daemon [_thread_in_native, id=10136, stack(0x000000b0a8d00000,0x000000b0a8e00000)]
  0x00000240dabe2000 JavaThread "RMI TCP Accept-0" daemon [_thread_in_native, id=6832, stack(0x000000b0a8e00000,0x000000b0a8f00000)]
  0x00000240db123800 JavaThread "RMI Scheduler(0)" daemon [_thread_blocked, id=512, stack(0x000000b0a9300000,0x000000b0a9400000)]
  0x00000240dc613800 JavaThread "Catalina-utility-1" [_thread_blocked, id=14812, stack(0x000000b0a9400000,0x000000b0a9500000)]
  0x00000240dc5fc800 JavaThread "Catalina-utility-2" [_thread_blocked, id=8880, stack(0x000000b0a9700000,0x000000b0a9800000)]
  0x00000240daac1800 JavaThread "container-0" [_thread_blocked, id=15348, stack(0x000000b0a9800000,0x000000b0a9900000)]
  0x00000240daac4000 JavaThread "mysql-cj-abandoned-connection-cleanup" daemon [_thread_blocked, id=8932, stack(0x000000b0a9d00000,0x000000b0a9e00000)]
  0x00000240dc7ce000 JavaThread "HikariPool-1 housekeeper" daemon [_thread_blocked, id=15304, stack(0x000000b0a9f00000,0x000000b0aa000000)]
  0x00000240dc8f0800 JavaThread "http-nio-8088-exec-1" daemon [_thread_in_vm, id=15072, stack(0x000000b0aa100000,0x000000b0aa200000)]
  0x00000240dc8f2000 JavaThread "http-nio-8088-exec-2" daemon [_thread_in_vm, id=14348, stack(0x000000b0aa200000,0x000000b0aa300000)]
  0x00000240dc8ee000 JavaThread "http-nio-8088-exec-3" daemon [_thread_in_vm, id=9892, stack(0x000000b0aa300000,0x000000b0aa400000)]
  0x00000240dc8ec800 JavaThread "http-nio-8088-exec-4" daemon [_thread_in_vm, id=14832, stack(0x000000b0aa400000,0x000000b0aa500000)]
  0x00000240dc8ef800 JavaThread "http-nio-8088-exec-5" daemon [_thread_in_vm, id=1572, stack(0x000000b0aa500000,0x000000b0aa600000)]
  0x00000240dc8ef000 JavaThread "http-nio-8088-exec-6" daemon [_thread_in_vm, id=12416, stack(0x000000b0aa600000,0x000000b0aa700000)]
  0x00000240dc8f3000 JavaThread "http-nio-8088-exec-7" daemon [_thread_in_vm, id=14488, stack(0x000000b0aa700000,0x000000b0aa800000)]
  0x00000240dc8f1800 JavaThread "http-nio-8088-exec-8" daemon [_thread_in_vm, id=8284, stack(0x000000b0aa800000,0x000000b0aa900000)]
=>0x00000240dcc25000 JavaThread "http-nio-8088-exec-9" daemon [_thread_in_vm, id=2644, stack(0x000000b0aa900000,0x000000b0aaa00000)]
  0x00000240dcc27800 JavaThread "http-nio-8088-exec-10" daemon [_thread_in_vm, id=6676, stack(0x000000b0aaa00000,0x000000b0aab00000)]
  0x00000240dcc23800 JavaThread "DestroyJavaVM" [_thread_blocked, id=13524, stack(0x000000b0a7e00000,0x000000b0a7f00000)]
  0x00000240dcc2a000 JavaThread "SIGINT handler" daemon [_thread_blocked, id=10700, stack(0x000000b0a7b00000,0x000000b0a7c00000)]
  0x00000240dcc24000 JavaThread "SpringApplicationShutdownHook" [_thread_blocked, id=3576, stack(0x000000b0a7c00000,0x000000b0a7d00000)]

Other Threads:
  0x00000240d9cfb000 VMThread "VM Thread" [stack: 0x000000b0a8400000,0x000000b0a8500000] [id=3784]
  0x00000240dabe8800 WatcherThread [stack: 0x000000b0a8f00000,0x000000b0a9000000] [id=864]
  0x00000240bbeb4000 GCTaskThread "GC Thread#0" [stack: 0x000000b0a7f00000,0x000000b0a8000000] [id=12844]
  0x00000240db007000 GCTaskThread "GC Thread#1" [stack: 0x000000b0a9000000,0x000000b0a9100000] [id=10684]
  0x00000240db069000 GCTaskThread "GC Thread#2" [stack: 0x000000b0a9100000,0x000000b0a9200000] [id=12560]
  0x00000240dbe66000 GCTaskThread "GC Thread#3" [stack: 0x000000b0a9500000,0x000000b0a9600000] [id=4592]
  0x00000240dc63c000 GCTaskThread "GC Thread#4" [stack: 0x000000b0a9900000,0x000000b0a9a00000] [id=1256]
  0x00000240dc63d000 GCTaskThread "GC Thread#5" [stack: 0x000000b0a9a00000,0x000000b0a9b00000] [id=12324]
  0x00000240dc65f800 GCTaskThread "GC Thread#6" [stack: 0x000000b0a9b00000,0x000000b0a9c00000] [id=5032]
  0x00000240dc660000 GCTaskThread "GC Thread#7" [stack: 0x000000b0a9c00000,0x000000b0a9d00000] [id=14212]
  0x00000240bbee4000 ConcurrentGCThread "G1 Main Marker" [stack: 0x000000b0a8000000,0x000000b0a8100000] [id=8660]
  0x00000240bbee5000 ConcurrentGCThread "G1 Conc#0" [stack: 0x000000b0a8100000,0x000000b0a8200000] [id=5188]
  0x00000240dbd76800 ConcurrentGCThread "G1 Conc#1" [stack: 0x000000b0a9600000,0x000000b0a9700000] [id=2760]
  0x00000240d9b65800 ConcurrentGCThread "G1 Refine#0" [stack: 0x000000b0a8200000,0x000000b0a8300000] [id=13076]
  0x00000240d9b66000 ConcurrentGCThread "G1 Young RemSet Sampling" [stack: 0x000000b0a8300000,0x000000b0a8400000] [id=6492]

Threads with active compile tasks:

VM state:not at safepoint (normal execution)

VM Mutex/Monitor currently owned by a thread: None

Heap address: 0x0000000083200000, size: 1998 MB, Compressed Oops mode: 32-bit
Narrow klass base: 0x0000000000000000, Narrow klass shift: 3
Compressed class space size: 1073741824 Address: 0x0000000100000000

Heap:
 garbage-first heap   total 129024K, used 76105K [0x0000000083200000, 0x0000000100000000)
  region size 1024K, 60 young (61440K), 8 survivors (8192K)
 Metaspace       used 51725K, capacity 53408K, committed 53760K, reserved 1095680K
  class space    used 6616K, capacity 7297K, committed 7424K, reserved 1048576K
Heap Regions: E=young(eden), S=young(survivor), O=old, HS=humongous(starts), HC=humongous(continues), CS=collection set, F=free, A=archive, TAMS=top-at-mark-start (previous, next)
|   0|0x0000000083200000, 0x0000000083300000, 0x0000000083300000|100%|HS|  |TAMS 0x0000000083300000, 0x0000000083200000| Complete 
|   1|0x0000000083300000, 0x0000000083400000, 0x0000000083400000|100%| O|  |TAMS 0x0000000083400000, 0x0000000083300000| Untracked 
|   2|0x0000000083400000, 0x0000000083500000, 0x0000000083500000|100%| O|  |TAMS 0x0000000083500000, 0x0000000083400000| Untracked 
|   3|0x0000000083500000, 0x0000000083600000, 0x0000000083600000|100%| O|  |TAMS 0x0000000083600000, 0x0000000083500000| Untracked 
|   4|0x0000000083600000, 0x0000000083700000, 0x0000000083700000|100%| O|  |TAMS 0x0000000083700000, 0x0000000083600000| Untracked 
|   5|0x0000000083700000, 0x0000000083800000, 0x0000000083800000|100%| O|  |TAMS 0x0000000083800000, 0x0000000083700000| Untracked 
|   6|0x0000000083800000, 0x0000000083900000, 0x0000000083900000|100%| O|  |TAMS 0x0000000083900000, 0x0000000083800000| Untracked 
|   7|0x0000000083900000, 0x0000000083a00000, 0x0000000083a00000|100%| O|  |TAMS 0x0000000083a00000, 0x0000000083900000| Untracked 
|   8|0x0000000083a00000, 0x0000000083b00000, 0x0000000083b00000|100%| O|  |TAMS 0x0000000083b00000, 0x0000000083a00000| Untracked 
|   9|0x0000000083b00000, 0x0000000083c00000, 0x0000000083c00000|100%| O|  |TAMS 0x0000000083c00000, 0x0000000083b00000| Untracked 
|  10|0x0000000083c00000, 0x0000000083d00000, 0x0000000083d00000|100%| O|  |TAMS 0x0000000083cc0e00, 0x0000000083c00000| Untracked 
|  11|0x0000000083d00000, 0x0000000083e00000, 0x0000000083e00000|100%| O|  |TAMS 0x0000000083d00000, 0x0000000083d00000| Untracked 
|  12|0x0000000083e00000, 0x0000000083f00000, 0x0000000083f00000|100%| O|  |TAMS 0x0000000083e00000, 0x0000000083e00000| Untracked 
|  13|0x0000000083f00000, 0x0000000084000000, 0x0000000084000000|100%| O|  |TAMS 0x0000000083f00000, 0x0000000083f00000| Untracked 
|  14|0x0000000084000000, 0x0000000084100000, 0x0000000084100000|100%| O|  |TAMS 0x0000000084000000, 0x0000000084000000| Untracked 
|  15|0x0000000084100000, 0x0000000084200000, 0x0000000084200000|100%| O|  |TAMS 0x0000000084100000, 0x0000000084100000| Untracked 
|  16|0x0000000084200000, 0x0000000084214200, 0x0000000084300000|  7%| O|  |TAMS 0x0000000084200000, 0x0000000084200000| Untracked 
|  17|0x0000000084300000, 0x0000000084300000, 0x0000000084400000|  0%| F|  |TAMS 0x0000000084300000, 0x0000000084300000| Untracked 
|  18|0x0000000084400000, 0x0000000084400000, 0x0000000084500000|  0%| F|  |TAMS 0x0000000084400000, 0x0000000084400000| Untracked 
|  19|0x0000000084500000, 0x0000000084500000, 0x0000000084600000|  0%| F|  |TAMS 0x0000000084500000, 0x0000000084500000| Untracked 
|  20|0x0000000084600000, 0x0000000084600000, 0x0000000084700000|  0%| F|  |TAMS 0x0000000084600000, 0x0000000084600000| Untracked 
|  21|0x0000000084700000, 0x0000000084700000, 0x0000000084800000|  0%| F|  |TAMS 0x0000000084700000, 0x0000000084700000| Untracked 
|  22|0x0000000084800000, 0x0000000084800000, 0x0000000084900000|  0%| F|  |TAMS 0x0000000084800000, 0x0000000084800000| Untracked 
|  23|0x0000000084900000, 0x0000000084900000, 0x0000000084a00000|  0%| F|  |TAMS 0x0000000084900000, 0x0000000084900000| Untracked 
|  24|0x0000000084a00000, 0x0000000084a00000, 0x0000000084b00000|  0%| F|  |TAMS 0x0000000084a00000, 0x0000000084a00000| Untracked 
|  25|0x0000000084b00000, 0x0000000084b00000, 0x0000000084c00000|  0%| F|  |TAMS 0x0000000084b00000, 0x0000000084b00000| Untracked 
|  26|0x0000000084c00000, 0x0000000084c00000, 0x0000000084d00000|  0%| F|  |TAMS 0x0000000084c00000, 0x0000000084c00000| Untracked 
|  27|0x0000000084d00000, 0x0000000084d00000, 0x0000000084e00000|  0%| F|  |TAMS 0x0000000084d00000, 0x0000000084d00000| Untracked 
|  28|0x0000000084e00000, 0x0000000084e00000, 0x0000000084f00000|  0%| F|  |TAMS 0x0000000084e00000, 0x0000000084e00000| Untracked 
|  29|0x0000000084f00000, 0x0000000084f00000, 0x0000000085000000|  0%| F|  |TAMS 0x0000000084f00000, 0x0000000084f00000| Untracked 
|  30|0x0000000085000000, 0x0000000085000000, 0x0000000085100000|  0%| F|  |TAMS 0x0000000085000000, 0x0000000085000000| Untracked 
|  31|0x0000000085100000, 0x0000000085100000, 0x0000000085200000|  0%| F|  |TAMS 0x0000000085100000, 0x0000000085100000| Untracked 
|  32|0x0000000085200000, 0x0000000085200000, 0x0000000085300000|  0%| F|  |TAMS 0x0000000085200000, 0x0000000085200000| Untracked 
|  33|0x0000000085300000, 0x0000000085300000, 0x0000000085400000|  0%| F|  |TAMS 0x0000000085300000, 0x0000000085300000| Untracked 
|  34|0x0000000085400000, 0x0000000085400000, 0x0000000085500000|  0%| F|  |TAMS 0x0000000085400000, 0x0000000085400000| Untracked 
|  35|0x0000000085500000, 0x0000000085500000, 0x0000000085600000|  0%| F|  |TAMS 0x0000000085500000, 0x0000000085500000| Untracked 
|  36|0x0000000085600000, 0x0000000085600000, 0x0000000085700000|  0%| F|  |TAMS 0x0000000085600000, 0x0000000085600000| Untracked 
|  37|0x0000000085700000, 0x0000000085700000, 0x0000000085800000|  0%| F|  |TAMS 0x0000000085700000, 0x0000000085700000| Untracked 
|  38|0x0000000085800000, 0x0000000085800000, 0x0000000085900000|  0%| F|  |TAMS 0x0000000085800000, 0x0000000085800000| Untracked 
|  39|0x0000000085900000, 0x0000000085900000, 0x0000000085a00000|  0%| F|  |TAMS 0x0000000085900000, 0x0000000085900000| Untracked 
|  40|0x0000000085a00000, 0x0000000085a00000, 0x0000000085b00000|  0%| F|  |TAMS 0x0000000085a00000, 0x0000000085a00000| Untracked 
|  41|0x0000000085b00000, 0x0000000085b00000, 0x0000000085c00000|  0%| F|  |TAMS 0x0000000085b00000, 0x0000000085b00000| Untracked 
|  42|0x0000000085c00000, 0x0000000085c00000, 0x0000000085d00000|  0%| F|  |TAMS 0x0000000085c00000, 0x0000000085c00000| Untracked 
|  43|0x0000000085d00000, 0x0000000085d00000, 0x0000000085e00000|  0%| F|  |TAMS 0x0000000085d00000, 0x0000000085d00000| Untracked 
|  44|0x0000000085e00000, 0x0000000085e00000, 0x0000000085f00000|  0%| F|  |TAMS 0x0000000085e00000, 0x0000000085e00000| Untracked 
|  45|0x0000000085f00000, 0x0000000085f00000, 0x0000000086000000|  0%| F|  |TAMS 0x0000000085f00000, 0x0000000085f00000| Untracked 
|  46|0x0000000086000000, 0x0000000086000000, 0x0000000086100000|  0%| F|  |TAMS 0x0000000086000000, 0x0000000086000000| Untracked 
|  47|0x0000000086100000, 0x0000000086100000, 0x0000000086200000|  0%| F|  |TAMS 0x0000000086100000, 0x0000000086100000| Untracked 
|  48|0x0000000086200000, 0x0000000086200000, 0x0000000086300000|  0%| F|  |TAMS 0x0000000086200000, 0x0000000086200000| Untracked 
|  49|0x0000000086300000, 0x0000000086300000, 0x0000000086400000|  0%| F|  |TAMS 0x0000000086300000, 0x0000000086300000| Untracked 
|  50|0x0000000086400000, 0x0000000086400000, 0x0000000086500000|  0%| F|  |TAMS 0x0000000086400000, 0x0000000086400000| Untracked 
|  51|0x0000000086500000, 0x0000000086500000, 0x0000000086600000|  0%| F|  |TAMS 0x0000000086500000, 0x0000000086500000| Untracked 
|  52|0x0000000086600000, 0x0000000086600000, 0x0000000086700000|  0%| F|  |TAMS 0x0000000086600000, 0x0000000086600000| Untracked 
|  53|0x0000000086700000, 0x000000008673e560, 0x0000000086800000| 24%| S|CS|TAMS 0x0000000086700000, 0x0000000086700000| Complete 
|  54|0x0000000086800000, 0x0000000086900000, 0x0000000086900000|100%| S|CS|TAMS 0x0000000086800000, 0x0000000086800000| Complete 
|  55|0x0000000086900000, 0x0000000086a00000, 0x0000000086a00000|100%| S|CS|TAMS 0x0000000086900000, 0x0000000086900000| Complete 
|  56|0x0000000086a00000, 0x0000000086b00000, 0x0000000086b00000|100%| S|CS|TAMS 0x0000000086a00000, 0x0000000086a00000| Complete 
|  57|0x0000000086b00000, 0x0000000086b00000, 0x0000000086c00000|  0%| F|  |TAMS 0x0000000086b00000, 0x0000000086b00000| Untracked 
|  58|0x0000000086c00000, 0x0000000086c00000, 0x0000000086d00000|  0%| F|  |TAMS 0x0000000086c00000, 0x0000000086c00000| Untracked 
|  59|0x0000000086d00000, 0x0000000086d00000, 0x0000000086e00000|  0%| F|  |TAMS 0x0000000086d00000, 0x0000000086d00000| Untracked 
|  60|0x0000000086e00000, 0x0000000086e00000, 0x0000000086f00000|  0%| F|  |TAMS 0x0000000086e00000, 0x0000000086e00000| Untracked 
|  61|0x0000000086f00000, 0x0000000086f00000, 0x0000000087000000|  0%| F|  |TAMS 0x0000000086f00000, 0x0000000086f00000| Untracked 
|  62|0x0000000087000000, 0x0000000087000000, 0x0000000087100000|  0%| F|  |TAMS 0x0000000087000000, 0x0000000087000000| Untracked 
|  63|0x0000000087100000, 0x0000000087200000, 0x0000000087200000|100%| S|CS|TAMS 0x0000000087100000, 0x0000000087100000| Complete 
|  64|0x0000000087200000, 0x0000000087300000, 0x0000000087300000|100%| S|CS|TAMS 0x0000000087200000, 0x0000000087200000| Complete 
|  65|0x0000000087300000, 0x0000000087400000, 0x0000000087400000|100%| S|CS|TAMS 0x0000000087300000, 0x0000000087300000| Complete 
|  66|0x0000000087400000, 0x0000000087500000, 0x0000000087500000|100%| S|CS|TAMS 0x0000000087400000, 0x0000000087400000| Complete 
|  67|0x0000000087500000, 0x0000000087500000, 0x0000000087600000|  0%| F|  |TAMS 0x0000000087500000, 0x0000000087500000| Untracked 
|  68|0x0000000087600000, 0x0000000087600000, 0x0000000087700000|  0%| F|  |TAMS 0x0000000087600000, 0x0000000087600000| Untracked 
|  69|0x0000000087700000, 0x0000000087700000, 0x0000000087800000|  0%| F|  |TAMS 0x0000000087700000, 0x0000000087700000| Untracked 
|  70|0x0000000087800000, 0x0000000087800000, 0x0000000087900000|  0%| F|  |TAMS 0x0000000087800000, 0x0000000087800000| Untracked 
|  71|0x0000000087900000, 0x0000000087900000, 0x0000000087a00000|  0%| F|  |TAMS 0x0000000087900000, 0x0000000087900000| Untracked 
|  72|0x0000000087a00000, 0x0000000087a00000, 0x0000000087b00000|  0%| F|  |TAMS 0x0000000087a00000, 0x0000000087a00000| Untracked 
|  73|0x0000000087b00000, 0x0000000087b00000, 0x0000000087c00000|  0%| F|  |TAMS 0x0000000087b00000, 0x0000000087b00000| Untracked 
|  74|0x0000000087c00000, 0x0000000087c7be88, 0x0000000087d00000| 48%| E|  |TAMS 0x0000000087c00000, 0x0000000087c00000| Complete 
|  75|0x0000000087d00000, 0x0000000087e00000, 0x0000000087e00000|100%| E|CS|TAMS 0x0000000087d00000, 0x0000000087d00000| Complete 
|  76|0x0000000087e00000, 0x0000000087f00000, 0x0000000087f00000|100%| E|CS|TAMS 0x0000000087e00000, 0x0000000087e00000| Complete 
|  77|0x0000000087f00000, 0x0000000088000000, 0x0000000088000000|100%| E|CS|TAMS 0x0000000087f00000, 0x0000000087f00000| Complete 
|  78|0x0000000088000000, 0x0000000088100000, 0x0000000088100000|100%| E|CS|TAMS 0x0000000088000000, 0x0000000088000000| Complete 
|  79|0x0000000088100000, 0x0000000088200000, 0x0000000088200000|100%| E|CS|TAMS 0x0000000088100000, 0x0000000088100000| Complete 
|  80|0x0000000088200000, 0x0000000088300000, 0x0000000088300000|100%| E|CS|TAMS 0x0000000088200000, 0x0000000088200000| Complete 
|  81|0x0000000088300000, 0x0000000088400000, 0x0000000088400000|100%| E|CS|TAMS 0x0000000088300000, 0x0000000088300000| Complete 
|  82|0x0000000088400000, 0x0000000088500000, 0x0000000088500000|100%| E|CS|TAMS 0x0000000088400000, 0x0000000088400000| Complete 
|  83|0x0000000088500000, 0x0000000088600000, 0x0000000088600000|100%| E|CS|TAMS 0x0000000088500000, 0x0000000088500000| Complete 
|  84|0x0000000088600000, 0x0000000088700000, 0x0000000088700000|100%| E|CS|TAMS 0x0000000088600000, 0x0000000088600000| Complete 
|  85|0x0000000088700000, 0x0000000088800000, 0x0000000088800000|100%| E|CS|TAMS 0x0000000088700000, 0x0000000088700000| Complete 
|  86|0x0000000088800000, 0x0000000088900000, 0x0000000088900000|100%| E|CS|TAMS 0x0000000088800000, 0x0000000088800000| Complete 
|  87|0x0000000088900000, 0x0000000088a00000, 0x0000000088a00000|100%| E|CS|TAMS 0x0000000088900000, 0x0000000088900000| Complete 
|  88|0x0000000088a00000, 0x0000000088b00000, 0x0000000088b00000|100%| E|CS|TAMS 0x0000000088a00000, 0x0000000088a00000| Complete 
|  89|0x0000000088b00000, 0x0000000088c00000, 0x0000000088c00000|100%| E|CS|TAMS 0x0000000088b00000, 0x0000000088b00000| Complete 
|  90|0x0000000088c00000, 0x0000000088d00000, 0x0000000088d00000|100%| E|CS|TAMS 0x0000000088c00000, 0x0000000088c00000| Complete 
|  91|0x0000000088d00000, 0x0000000088e00000, 0x0000000088e00000|100%| E|CS|TAMS 0x0000000088d00000, 0x0000000088d00000| Complete 
|  92|0x0000000088e00000, 0x0000000088f00000, 0x0000000088f00000|100%| E|CS|TAMS 0x0000000088e00000, 0x0000000088e00000| Complete 
|  93|0x0000000088f00000, 0x0000000089000000, 0x0000000089000000|100%| E|CS|TAMS 0x0000000088f00000, 0x0000000088f00000| Complete 
|  94|0x0000000089000000, 0x0000000089100000, 0x0000000089100000|100%| E|CS|TAMS 0x0000000089000000, 0x0000000089000000| Complete 
|  95|0x0000000089100000, 0x0000000089200000, 0x0000000089200000|100%| E|CS|TAMS 0x0000000089100000, 0x0000000089100000| Complete 
|  96|0x0000000089200000, 0x0000000089300000, 0x0000000089300000|100%| E|CS|TAMS 0x0000000089200000, 0x0000000089200000| Complete 
|  97|0x0000000089300000, 0x0000000089400000, 0x0000000089400000|100%| E|CS|TAMS 0x0000000089300000, 0x0000000089300000| Complete 
|  98|0x0000000089400000, 0x0000000089500000, 0x0000000089500000|100%| E|CS|TAMS 0x0000000089400000, 0x0000000089400000| Complete 
|  99|0x0000000089500000, 0x0000000089600000, 0x0000000089600000|100%| E|CS|TAMS 0x0000000089500000, 0x0000000089500000| Complete 
| 100|0x0000000089600000, 0x0000000089700000, 0x0000000089700000|100%| E|CS|TAMS 0x0000000089600000, 0x0000000089600000| Complete 
| 101|0x0000000089700000, 0x0000000089800000, 0x0000000089800000|100%| E|CS|TAMS 0x0000000089700000, 0x0000000089700000| Complete 
| 102|0x0000000089800000, 0x0000000089900000, 0x0000000089900000|100%| E|CS|TAMS 0x0000000089800000, 0x0000000089800000| Complete 
| 103|0x0000000089900000, 0x0000000089a00000, 0x0000000089a00000|100%| E|CS|TAMS 0x0000000089900000, 0x0000000089900000| Complete 
| 104|0x0000000089a00000, 0x0000000089b00000, 0x0000000089b00000|100%| E|CS|TAMS 0x0000000089a00000, 0x0000000089a00000| Complete 
| 105|0x0000000089b00000, 0x0000000089c00000, 0x0000000089c00000|100%| E|CS|TAMS 0x0000000089b00000, 0x0000000089b00000| Complete 
| 106|0x0000000089c00000, 0x0000000089d00000, 0x0000000089d00000|100%| E|CS|TAMS 0x0000000089c00000, 0x0000000089c00000| Complete 
| 107|0x0000000089d00000, 0x0000000089e00000, 0x0000000089e00000|100%| E|CS|TAMS 0x0000000089d00000, 0x0000000089d00000| Complete 
| 108|0x0000000089e00000, 0x0000000089f00000, 0x0000000089f00000|100%| E|CS|TAMS 0x0000000089e00000, 0x0000000089e00000| Complete 
| 109|0x0000000089f00000, 0x000000008a000000, 0x000000008a000000|100%| E|CS|TAMS 0x0000000089f00000, 0x0000000089f00000| Complete 
| 110|0x000000008a000000, 0x000000008a100000, 0x000000008a100000|100%| E|CS|TAMS 0x000000008a000000, 0x000000008a000000| Complete 
| 111|0x000000008a100000, 0x000000008a200000, 0x000000008a200000|100%| E|CS|TAMS 0x000000008a100000, 0x000000008a100000| Complete 
| 112|0x000000008a200000, 0x000000008a300000, 0x000000008a300000|100%| E|CS|TAMS 0x000000008a200000, 0x000000008a200000| Complete 
| 113|0x000000008a300000, 0x000000008a400000, 0x000000008a400000|100%| E|CS|TAMS 0x000000008a300000, 0x000000008a300000| Complete 
| 114|0x000000008a400000, 0x000000008a500000, 0x000000008a500000|100%| E|CS|TAMS 0x000000008a400000, 0x000000008a400000| Complete 
| 115|0x000000008a500000, 0x000000008a600000, 0x000000008a600000|100%| E|CS|TAMS 0x000000008a500000, 0x000000008a500000| Complete 
| 116|0x000000008a600000, 0x000000008a700000, 0x000000008a700000|100%| E|CS|TAMS 0x000000008a600000, 0x000000008a600000| Complete 
| 117|0x000000008a700000, 0x000000008a800000, 0x000000008a800000|100%| E|CS|TAMS 0x000000008a700000, 0x000000008a700000| Complete 
| 118|0x000000008a800000, 0x000000008a900000, 0x000000008a900000|100%| E|CS|TAMS 0x000000008a800000, 0x000000008a800000| Complete 
| 119|0x000000008a900000, 0x000000008aa00000, 0x000000008aa00000|100%| E|CS|TAMS 0x000000008a900000, 0x000000008a900000| Complete 
| 120|0x000000008aa00000, 0x000000008ab00000, 0x000000008ab00000|100%| E|CS|TAMS 0x000000008aa00000, 0x000000008aa00000| Complete 
| 121|0x000000008ab00000, 0x000000008ac00000, 0x000000008ac00000|100%| E|CS|TAMS 0x000000008ab00000, 0x000000008ab00000| Complete 
| 122|0x000000008ac00000, 0x000000008ad00000, 0x000000008ad00000|100%| E|CS|TAMS 0x000000008ac00000, 0x000000008ac00000| Complete 
| 123|0x000000008ad00000, 0x000000008ae00000, 0x000000008ae00000|100%| E|CS|TAMS 0x000000008ad00000, 0x000000008ad00000| Complete 
| 124|0x000000008ae00000, 0x000000008af00000, 0x000000008af00000|100%| E|CS|TAMS 0x000000008ae00000, 0x000000008ae00000| Complete 
| 125|0x000000008af00000, 0x000000008b000000, 0x000000008b000000|100%| E|CS|TAMS 0x000000008af00000, 0x000000008af00000| Complete 

Card table byte_map: [0x00000240d2c60000,0x00000240d3050000] _byte_map_base: 0x00000240d2847000

Marking Bits (Prev, Next): (CMBitMap*) 0x00000240bbedb2c8, (CMBitMap*) 0x00000240bbedb300
 Prev Bits: [0x00000240d3440000, 0x00000240d5378000)
 Next Bits: [0x00000240d5380000, 0x00000240d72b8000)

Polling page: 0x00000240b9dd0000

Metaspace:

Usage:
  Non-class:     45.03 MB capacity,    44.05 MB ( 98%) used,   817.08 KB (  2%) free+waste,   185.50 KB ( <1%) overhead. 
      Class:      7.13 MB capacity,     6.46 MB ( 91%) used,   584.11 KB (  8%) free+waste,    96.00 KB (  1%) overhead. 
       Both:     52.16 MB capacity,    50.51 MB ( 97%) used,     1.37 MB (  3%) free+waste,   281.50 KB ( <1%) overhead. 

Virtual space:
  Non-class space:       46.00 MB reserved,      45.25 MB ( 98%) committed 
      Class space:        1.00 GB reserved,       7.25 MB ( <1%) committed 
             Both:        1.04 GB reserved,      52.50 MB (  5%) committed 

Chunk freelists:
   Non-Class:  4.13 KB
       Class:  128 bytes
        Both:  4.25 KB

CodeHeap 'non-profiled nmethods': size=238336Kb used=8528Kb max_used=8528Kb free=229807Kb
 bounds [0x00000240c3c80000, 0x00000240c44e0000, 0x00000240d2540000]
CodeHeap 'non-nmethods': size=7424Kb used=1223Kb max_used=1223Kb free=6200Kb
 bounds [0x00000240c3540000, 0x00000240c37b0000, 0x00000240c3c80000]
 total_blobs=5939 nmethods=5343 adapters=522
 compilation: enabled
              stopped_count=0, restarted_count=0
 full_count=0

Compilation events (10 events):
Event: 7636.279 Thread 0x00000240da5ab000 5341       1       ch.qos.logback.classic.LoggerContext::getTurboFilterChainDecision_1 (38 bytes)
Event: 7636.284 Thread 0x00000240da5ab000 nmethod 5341 0x00000240c44cf310 code [0x00000240c44cf4c0, 0x00000240c44cf748]
Event: 7642.718 Thread 0x00000240da5ab000 5342   !   1       java.util.logging.LogManager$LoggerContext::findLogger (113 bytes)
Event: 7642.721 Thread 0x00000240da5ab000 nmethod 5342 0x00000240c44cf910 code [0x00000240c44cfb20, 0x00000240c44d0128]
Event: 7642.861 Thread 0x00000240da5ab000 5343       1       javax.management.ObjectName::construct (1135 bytes)
Event: 7642.875 Thread 0x00000240da5ab000 nmethod 5343 0x00000240c44d0510 code [0x00000240c44d0920, 0x00000240c44d2a78]
Event: 7642.947 Thread 0x00000240da5ab000 5344       1       java.util.LinkedHashSet::<init> (27 bytes)
Event: 7642.949 Thread 0x00000240da5ab000 nmethod 5344 0x00000240c44d3a90 code [0x00000240c44d3c60, 0x00000240c44d3e88]
Event: 7643.924 Thread 0x00000240da5ab000 5345       1       org.apache.tomcat.util.net.Acceptor::getState (5 bytes)
Event: 7643.924 Thread 0x00000240da5ab000 nmethod 5345 0x00000240c44d3f90 code [0x00000240c44d4120, 0x00000240c44d41d8]

GC Heap History (10 events):
Event: 9.108 GC heap before
{Heap before GC invocations=4 (full 0):
 garbage-first heap   total 129024K, used 68849K [0x0000000083200000, 0x0000000100000000)
  region size 1024K, 60 young (61440K), 2 survivors (2048K)
 Metaspace       used 25183K, capacity 26078K, committed 26240K, reserved 1073152K
  class space    used 3040K, capacity 3389K, committed 3456K, reserved 1048576K
}
Event: 9.124 GC heap after
{Heap after GC invocations=5 (full 0):
 garbage-first heap   total 129024K, used 11748K [0x0000000083200000, 0x0000000100000000)
  region size 1024K, 5 young (5120K), 5 survivors (5120K)
 Metaspace       used 25183K, capacity 26078K, committed 26240K, reserved 1073152K
  class space    used 3040K, capacity 3389K, committed 3456K, reserved 1048576K
}
Event: 11.623 GC heap before
{Heap before GC invocations=5 (full 0):
 garbage-first heap   total 129024K, used 78308K [0x0000000083200000, 0x0000000100000000)
  region size 1024K, 70 young (71680K), 5 survivors (5120K)
 Metaspace       used 32118K, capacity 33325K, committed 33536K, reserved 1079296K
  class space    used 3990K, capacity 4504K, committed 4608K, reserved 1048576K
}
Event: 11.652 GC heap after
{Heap after GC invocations=6 (full 0):
 garbage-first heap   total 129024K, used 14713K [0x0000000083200000, 0x0000000100000000)
  region size 1024K, 7 young (7168K), 7 survivors (7168K)
 Metaspace       used 32118K, capacity 33325K, committed 33536K, reserved 1079296K
  class space    used 3990K, capacity 4504K, committed 4608K, reserved 1048576K
}
Event: 12.571 GC heap before
{Heap before GC invocations=6 (full 0):
 garbage-first heap   total 129024K, used 42361K [0x0000000083200000, 0x0000000100000000)
  region size 1024K, 35 young (35840K), 7 survivors (7168K)
 Metaspace       used 34538K, capacity 35797K, committed 35840K, reserved 1081344K
  class space    used 4291K, capacity 4821K, committed 4864K, reserved 1048576K
}
Event: 12.591 GC heap after
{Heap after GC invocations=7 (full 0):
 garbage-first heap   total 129024K, used 16584K [0x0000000083200000, 0x0000000100000000)
  region size 1024K, 6 young (6144K), 6 survivors (6144K)
 Metaspace       used 34538K, capacity 35797K, committed 35840K, reserved 1081344K
  class space    used 4291K, capacity 4821K, committed 4864K, reserved 1048576K
}
Event: 15.240 GC heap before
{Heap before GC invocations=8 (full 0):
 garbage-first heap   total 129024K, used 74952K [0x0000000083200000, 0x0000000100000000)
  region size 1024K, 63 young (64512K), 6 survivors (6144K)
 Metaspace       used 45269K, capacity 46685K, committed 46848K, reserved 1089536K
  class space    used 5752K, capacity 6339K, committed 6400K, reserved 1048576K
}
Event: 15.258 GC heap after
{Heap after GC invocations=9 (full 0):
 garbage-first heap   total 129024K, used 20396K [0x0000000083200000, 0x0000000100000000)
  region size 1024K, 6 young (6144K), 6 survivors (6144K)
 Metaspace       used 45269K, capacity 46685K, committed 46848K, reserved 1089536K
  class space    used 5752K, capacity 6339K, committed 6400K, reserved 1048576K
}
Event: 1780.691 GC heap before
{Heap before GC invocations=9 (full 0):
 garbage-first heap   total 129024K, used 80812K [0x0000000083200000, 0x0000000100000000)
  region size 1024K, 65 young (66560K), 6 survivors (6144K)
 Metaspace       used 51620K, capacity 53198K, committed 53376K, reserved 1095680K
  class space    used 6600K, capacity 7253K, committed 7296K, reserved 1048576K
}
Event: 1780.705 GC heap after
{Heap after GC invocations=10 (full 0):
 garbage-first heap   total 129024K, used 23881K [0x0000000083200000, 0x0000000100000000)
  region size 1024K, 8 young (8192K), 8 survivors (8192K)
 Metaspace       used 51620K, capacity 53198K, committed 53376K, reserved 1095680K
  class space    used 6600K, capacity 7253K, committed 7296K, reserved 1048576K
}

Deoptimization events (0 events):
No events

Classes redefined (0 events):
No events

Internal exceptions (10 events):
Event: 17.023 Thread 0x00000240bbe9d000 Exception <a 'java/lang/NoSuchMethodError'{0x00000000882e8418}: java.lang.invoke.DirectMethodHandle$Holder.invokeVirtual(Ljava/lang/Object;Ljava/lang/Object;)V> (0x00000000882e8418) thrown at [./open/src/hotspot/share/interpreter/linkResolver.cpp, line 77
Event: 1769.590 Thread 0x00000240dcc25800 Exception <a 'java/net/SocketException'{0x0000000087aca3d8}: Software caused connection abort: socket write error> (0x0000000087aca3d8) thrown at [./open/src/hotspot/share/prims/jni.cpp, line 632]
Event: 1769.591 Thread 0x00000240dcc25800 Exception <a 'java/net/SocketException'{0x0000000087acaa80}: Software caused connection abort: recv failed> (0x0000000087acaa80) thrown at [./open/src/hotspot/share/prims/jni.cpp, line 632]
Event: 1777.380 Thread 0x00000240dcc25800 Exception <a 'java/net/SocketException'{0x0000000087acf2c8}: Software caused connection abort: socket write error> (0x0000000087acf2c8) thrown at [./open/src/hotspot/share/prims/jni.cpp, line 632]
Event: 1777.382 Thread 0x00000240dcc25800 Exception <a 'java/net/SocketException'{0x0000000087acf8e8}: Software caused connection abort: recv failed> (0x0000000087acf8e8) thrown at [./open/src/hotspot/share/prims/jni.cpp, line 632]
Event: 1792.613 Thread 0x00000240dcc2a000 Exception <a 'java/net/SocketException'{0x000000008aecc240}: Software caused connection abort: recv failed> (0x000000008aecc240) thrown at [./open/src/hotspot/share/prims/jni.cpp, line 632]
Event: 1801.474 Thread 0x00000240dcc2a000 Exception <a 'java/net/SocketException'{0x000000008ac39aa8}: Software caused connection abort: recv failed> (0x000000008ac39aa8) thrown at [./open/src/hotspot/share/prims/jni.cpp, line 632]
Event: 1806.010 Thread 0x00000240dcc2a000 Exception <a 'java/net/SocketException'{0x000000008ac3b5a8}: Software caused connection abort: recv failed> (0x000000008ac3b5a8) thrown at [./open/src/hotspot/share/prims/jni.cpp, line 632]
Event: 1811.306 Thread 0x00000240dcc25800 Exception <a 'java/net/SocketException'{0x000000008aac5580}: Software caused connection abort: recv failed> (0x000000008aac5580) thrown at [./open/src/hotspot/share/prims/jni.cpp, line 632]
Event: 1811.889 Thread 0x00000240dcc25800 Exception <a 'java/net/SocketException'{0x000000008aac7080}: Software caused connection abort: recv failed> (0x000000008aac7080) thrown at [./open/src/hotspot/share/prims/jni.cpp, line 632]

Events (10 events):
Event: 7644.089 Executing VM operation: RevokeBias done
Event: 7644.090 Executing VM operation: RevokeBias
Event: 7644.090 Executing VM operation: RevokeBias done
Event: 7644.091 Executing VM operation: RevokeBias
Event: 7644.091 Executing VM operation: RevokeBias done
Event: 7644.092 Executing VM operation: RevokeBias
Event: 7644.092 Executing VM operation: RevokeBias done
Event: 7644.094 Executing VM operation: RevokeBias
Event: 7644.095 Executing VM operation: RevokeBias done
Event: 7644.102 Thread 0x00000240dcc29000 Thread exited: 0x00000240dcc29000


Dynamic libraries:
0x00007ff67b010000 - 0x00007ff67b01f000 	F:\MBL\study\codingfile\launcher\JavaFile\Java\jdk-11.0.16.1\bin\java.exe
0x00007ffb72b50000 - 0x00007ffb72d48000 	C:\WINDOWS\SYSTEM32\ntdll.dll
0x00007ffb72110000 - 0x00007ffb721cf000 	C:\WINDOWS\System32\KERNEL32.DLL
0x00007ffb70530000 - 0x00007ffb70802000 	C:\WINDOWS\System32\KERNELBASE.dll
0x00007ffb70280000 - 0x00007ffb70380000 	C:\WINDOWS\System32\ucrtbase.dll
0x00007ffb67080000 - 0x00007ffb67098000 	F:\MBL\study\codingfile\launcher\JavaFile\Java\jdk-11.0.16.1\bin\jli.dll
0x00007ffb72570000 - 0x00007ffb7261e000 	C:\WINDOWS\System32\ADVAPI32.dll
0x00007ffb71370000 - 0x00007ffb7140e000 	C:\WINDOWS\System32\msvcrt.dll
0x00007ffb72630000 - 0x00007ffb726cc000 	C:\WINDOWS\System32\sechost.dll
0x00007ffb72840000 - 0x00007ffb72965000 	C:\WINDOWS\System32\RPCRT4.dll
0x00007ffb72970000 - 0x00007ffb72b0d000 	C:\WINDOWS\System32\USER32.dll
0x00007ffb70500000 - 0x00007ffb70522000 	C:\WINDOWS\System32\win32u.dll
0x00007ffb5d0c0000 - 0x00007ffb5d0d5000 	F:\MBL\study\codingfile\launcher\JavaFile\Java\jdk-11.0.16.1\bin\VCRUNTIME140.dll
0x00007ffb72090000 - 0x00007ffb720bb000 	C:\WINDOWS\System32\GDI32.dll
0x00007ffb70380000 - 0x00007ffb7048f000 	C:\WINDOWS\System32\gdi32full.dll
0x00007ffb70810000 - 0x00007ffb708ad000 	C:\WINDOWS\System32\msvcp_win.dll
0x00007ffb61b00000 - 0x00007ffb61b0a000 	C:\WINDOWS\SYSTEM32\VERSION.dll
0x00007ffb5d6e0000 - 0x00007ffb5d97a000 	C:\WINDOWS\WinSxS\amd64_microsoft.windows.common-controls_6595b64144ccf1df_6.0.19041.1110_none_60b5254171f9507e\COMCTL32.dll
0x00007ffb720c0000 - 0x00007ffb720f2000 	C:\WINDOWS\System32\IMM32.DLL
0x00007ffb2ba90000 - 0x00007ffb2bb2b000 	F:\MBL\study\codingfile\launcher\JavaFile\Java\jdk-11.0.16.1\bin\msvcp140.dll
0x00007ffb035f0000 - 0x00007ffb04108000 	F:\MBL\study\codingfile\launcher\JavaFile\Java\jdk-11.0.16.1\bin\server\jvm.dll
0x00007ffb72560000 - 0x00007ffb72568000 	C:\WINDOWS\System32\PSAPI.DLL
0x00007ffb4ccd0000 - 0x00007ffb4ccd9000 	C:\WINDOWS\SYSTEM32\WSOCK32.dll
0x00007ffb724f0000 - 0x00007ffb7255b000 	C:\WINDOWS\System32\WS2_32.dll
0x00007ffb58620000 - 0x00007ffb58647000 	C:\WINDOWS\SYSTEM32\WINMM.dll
0x00007ffb6ea60000 - 0x00007ffb6ea72000 	C:\WINDOWS\SYSTEM32\kernel.appcore.dll
0x00007ffb67070000 - 0x00007ffb67080000 	F:\MBL\study\codingfile\launcher\JavaFile\Java\jdk-11.0.16.1\bin\verify.dll
0x00007ffb6e080000 - 0x00007ffb6e264000 	C:\WINDOWS\SYSTEM32\DBGHELP.DLL
0x00007ffb5f6a0000 - 0x00007ffb5f6cc000 	C:\WINDOWS\SYSTEM32\dbgcore.DLL
0x00007ffb70960000 - 0x00007ffb709e2000 	C:\WINDOWS\System32\bcryptPrimitives.dll
0x00007ffb5d090000 - 0x00007ffb5d0b8000 	F:\MBL\study\codingfile\launcher\JavaFile\Java\jdk-11.0.16.1\bin\java.dll
0x00007ffb5d080000 - 0x00007ffb5d08a000 	F:\MBL\study\codingfile\launcher\JavaFile\Java\jdk-11.0.16.1\bin\jimage.dll
0x00007ffb67170000 - 0x00007ffb6717e000 	F:\MBL\study\codingfile\launcher\JavaFile\Java\jdk-11.0.16.1\bin\instrument.dll
0x00007ffb3dc20000 - 0x00007ffb3dc36000 	F:\MBL\study\codingfile\launcher\JavaFile\Java\jdk-11.0.16.1\bin\zip.dll
0x00007ffb70c20000 - 0x00007ffb71363000 	C:\WINDOWS\System32\SHELL32.dll
0x00007ffb6e2b0000 - 0x00007ffb6ea42000 	C:\WINDOWS\SYSTEM32\windows.storage.dll
0x00007ffb71d30000 - 0x00007ffb72084000 	C:\WINDOWS\System32\combase.dll
0x00007ffb6fb60000 - 0x00007ffb6fb90000 	C:\WINDOWS\SYSTEM32\Wldp.dll
0x00007ffb726d0000 - 0x00007ffb7277d000 	C:\WINDOWS\System32\SHCORE.dll
0x00007ffb72490000 - 0x00007ffb724e5000 	C:\WINDOWS\System32\shlwapi.dll
0x00007ffb70190000 - 0x00007ffb701af000 	C:\WINDOWS\SYSTEM32\profapi.dll
0x00007ffb38ce0000 - 0x00007ffb38cf9000 	F:\MBL\study\codingfile\launcher\JavaFile\Java\jdk-11.0.16.1\bin\net.dll
0x00007ffb679c0000 - 0x00007ffb67acc000 	C:\WINDOWS\SYSTEM32\WINHTTP.dll
0x00007ffb6f8d0000 - 0x00007ffb6f93a000 	C:\WINDOWS\system32\mswsock.dll
0x00007ffb38c40000 - 0x00007ffb38c52000 	F:\MBL\study\codingfile\launcher\JavaFile\Java\jdk-11.0.16.1\bin\nio.dll
0x00007ffb64bc0000 - 0x00007ffb64bda000 	F:\MBL\study\codingfile\launcher\JavaFile\ideaIU-2022.2.2.win\bin\breakgen64.dll
0x00007ffb6f620000 - 0x00007ffb6f6ea000 	C:\WINDOWS\SYSTEM32\DNSAPI.dll
0x00007ffb6f5e0000 - 0x00007ffb6f61b000 	C:\WINDOWS\SYSTEM32\IPHLPAPI.DLL
0x00007ffb72100000 - 0x00007ffb72108000 	C:\WINDOWS\System32\NSI.dll
0x00007ffb67b30000 - 0x00007ffb67b3a000 	C:\Windows\System32\rasadhlp.dll
0x00007ffb5ee80000 - 0x00007ffb5ef00000 	C:\WINDOWS\System32\fwpuclnt.dll
0x00007ffb70250000 - 0x00007ffb70277000 	C:\WINDOWS\System32\bcrypt.dll
0x00007ffb670a0000 - 0x00007ffb670a9000 	F:\MBL\study\codingfile\launcher\JavaFile\Java\jdk-11.0.16.1\bin\management.dll
0x00007ffb44a70000 - 0x00007ffb44a7b000 	F:\MBL\study\codingfile\launcher\JavaFile\Java\jdk-11.0.16.1\bin\management_ext.dll
0x00007ffb6fba0000 - 0x00007ffb6fbb8000 	C:\WINDOWS\SYSTEM32\CRYPTSP.dll
0x00007ffb6f210000 - 0x00007ffb6f244000 	C:\WINDOWS\system32\rsaenh.dll
0x00007ffb70150000 - 0x00007ffb7017e000 	C:\WINDOWS\SYSTEM32\USERENV.dll
0x00007ffb6fa60000 - 0x00007ffb6fa6c000 	C:\WINDOWS\SYSTEM32\CRYPTBASE.dll
0x00007ffb67b10000 - 0x00007ffb67b27000 	C:\WINDOWS\SYSTEM32\dhcpcsvc6.DLL
0x00007ffb67660000 - 0x00007ffb6767d000 	C:\WINDOWS\SYSTEM32\dhcpcsvc.DLL
0x00007ffb47960000 - 0x00007ffb47977000 	C:\WINDOWS\system32\napinsp.dll
0x00007ffb47940000 - 0x00007ffb4795b000 	C:\WINDOWS\system32\pnrpnsp.dll
0x00007ffb6aba0000 - 0x00007ffb6abb5000 	C:\WINDOWS\system32\wshbth.dll
0x00007ffb6b630000 - 0x00007ffb6b64d000 	C:\WINDOWS\system32\NLAapi.dll
0x00007ffb47920000 - 0x00007ffb47932000 	C:\WINDOWS\System32\winrnr.dll
0x00007ffb37ed0000 - 0x00007ffb37ef5000 	F:\MBL\study\codingfile\launcher\JavaFile\Java\jdk-11.0.16.1\bin\sunec.dll
0x00007ffb6b830000 - 0x00007ffb6b83d000 	F:\MBL\study\codingfile\launcher\JavaFile\Java\jdk-11.0.16.1\bin\sunmscapi.dll
0x00007ffb70a40000 - 0x00007ffb70b96000 	C:\WINDOWS\System32\CRYPT32.dll
0x00007ffb6fcd0000 - 0x00007ffb6fcf7000 	C:\WINDOWS\SYSTEM32\ncrypt.dll
0x00007ffb6fc70000 - 0x00007ffb6fcab000 	C:\WINDOWS\SYSTEM32\NTASN1.dll

dbghelp: loaded successfully - version: 4.0.5 - missing functions: none
symbol engine: initialized successfully - sym options: 0x614 - pdb path: .;F:\MBL\study\codingfile\launcher\JavaFile\Java\jdk-11.0.16.1\bin;C:\WINDOWS\SYSTEM32;C:\WINDOWS\WinSxS\amd64_microsoft.windows.common-controls_6595b64144ccf1df_6.0.19041.1110_none_60b5254171f9507e;F:\MBL\study\codingfile\launcher\JavaFile\Java\jdk-11.0.16.1\bin\server;F:\MBL\study\codingfile\launcher\JavaFile\ideaIU-2022.2.2.win\bin

VM Arguments:
jvm_args: -XX:TieredStopAtLevel=1 -Xverify:none -Dspring.output.ansi.enabled=always -Dcom.sun.management.jmxremote -Dspring.jmx.enabled=true -Dspring.liveBeansView.mbeanDomain -Dspring.application.admin.enabled=true -javaagent:F:\MBL\study\codingfile\launcher\JavaFile\ideaIU-2022.2.2.win\lib\idea_rt.jar=65389:F:\MBL\study\codingfile\launcher\JavaFile\ideaIU-2022.2.2.win\bin -Dfile.encoding=UTF-8 
java_command: com.dyd.startravle.StartravleApplication
java_class_path (initial): F:\MBL\study\codingfile\works\gitworks\startravle\startravle\build\classes\java\main;F:\MBL\study\codingfile\works\gitworks\startravle\startravle\build\resources\main;F:\MBL\study\codingfile\launcher\JavaFile\ideaIU-2022.2.2.win\.gradle\caches\modules-2\files-2.1\org.apache.tomcat.embed\tomcat-embed-jasper\9.0.69\725ca16025edbeedc1feff170242ab23e5e48feb\tomcat-embed-jasper-9.0.69.jar;F:\MBL\study\codingfile\launcher\JavaFile\ideaIU-2022.2.2.win\.gradle\caches\modules-2\files-2.1\javax.servlet\jstl\1.2\74aca283cd4f4b4f3e425f5820cda58f44409547\jstl-1.2.jar;F:\MBL\study\codingfile\launcher\JavaFile\ideaIU-2022.2.2.win\.gradle\caches\modules-2\files-2.1\org.springframework.boot\spring-boot-starter-data-jpa\2.7.6\7eef599012347f2fb7f84ba71eba10caf094dfb5\spring-boot-starter-data-jpa-2.7.6.jar;F:\MBL\study\codingfile\launcher\JavaFile\ideaIU-2022.2.2.win\.gradle\caches\modules-2\files-2.1\org.springframework.boot\spring-boot-starter-web\2.7.6\9d0166a0390df593243bdc798ca7a1db20ddea9c\spring-boot-starter-web-2.7.6.jar;F:\MBL\study\codingfile\launcher\JavaFile\ideaIU-2022.2.2.win\.gradle\caches\modules-2\files-2.1\org.apache.tomcat.embed\tomcat-embed-core\9.0.69\27f2530eba96238aca56593bbd98edfdb038d9ef\tomcat-embed-core-9.0.69.jar;F:\MBL\study\codingfile\launcher\JavaFile\ideaIU-2022.2.2.win\.gradle\caches\modules-2\files-2.1\org.apache.tomcat.embed\tomcat-embed-el\9.0.69\9c89a289c35b9ec20bdfb692a22dab87256bbe67\tomcat-embed-el-9.0.69.jar;F:\MBL\study\codingfile\launcher\JavaFile\ideaIU-2022.2.2.win\.gradle\caches\modules-2\files-2.1\org.eclipse.jdt\ecj\3.18.0\4d5d0911b30db24c8eb844702c8adf8e434314ff\ecj-3.18.0.jar;F:\MBL\study\codingfile\launcher\JavaFile\ideaIU-2022.2.2.win\.gradle\caches\modules-2\files-2.1\com.mysql\mysql-connector-j\8.0.31\3fd5850719d7e82d50705d34cc6a0037fab5731f\mysql-connector-j-8.0.31.jar;F:\MBL\study\codingfile\launcher\JavaFile\ideaIU-2022.2.2.win\.gradle\caches\modules-2\files-2.1\org.springframework.boot\spring-boot-st
Launcher Type: SUN_STANDARD

[Global flags]
     bool BytecodeVerificationLocal                = false                                     {product} {command line}
     bool BytecodeVerificationRemote               = false                                     {product} {command line}
     intx CICompilerCount                          = 4                                         {product} {ergonomic}
     uint ConcGCThreads                            = 2                                         {product} {ergonomic}
     uint G1ConcRefinementThreads                  = 8                                         {product} {ergonomic}
   size_t G1HeapRegionSize                         = 1048576                                   {product} {ergonomic}
    uintx GCDrainStackTargetSize                   = 64                                        {product} {ergonomic}
   size_t InitialHeapSize                          = 132120576                                 {product} {ergonomic}
     bool ManagementServer                         = true                                      {product} {command line}
   size_t MarkStackSize                            = 4194304                                   {product} {ergonomic}
   size_t MaxHeapSize                              = 2095054848                                {product} {ergonomic}
   size_t MaxNewSize                               = 1256194048                                {product} {ergonomic}
   size_t MinHeapDeltaBytes                        = 1048576                                   {product} {ergonomic}
    uintx NonNMethodCodeHeapSize                   = 7549744                                {pd product} {ergonomic}
    uintx NonProfiledCodeHeapSize                  = 244108496                              {pd product} {ergonomic}
    uintx ProfiledCodeHeapSize                     = 0                                      {pd product} {ergonomic}
    uintx ReservedCodeCacheSize                    = 251658240                              {pd product} {ergonomic}
     bool SegmentedCodeCache                       = true                                      {product} {ergonomic}
     intx TieredStopAtLevel                        = 1                                         {product} {command line}
     bool UseCompressedClassPointers               = true                                 {lp64_product} {ergonomic}
     bool UseCompressedOops                        = true                                 {lp64_product} {ergonomic}
     bool UseG1GC                                  = true                                      {product} {ergonomic}
     bool UseLargePagesIndividualAllocation        = false                                  {pd product} {ergonomic}

Logging:
Log output configuration:
 #0: stdout all=warning uptime,level,tags
 #1: stderr all=off uptime,level,tags

Environment Variables:
JAVA_HOME=F:\MBL\study\codingfile\launcher\JavaFile\Java\jdk-11.0.16.1
CLASSPATH=F:\MBL\study\codingfile\launcher\JavaFile\Java\jdk-11.0.16.1\lib
PATH=F:\MBL\study\codingfile\launcher\PythonFile\Anaconda3\Scripts;F:\MBL\study\codingfile\launcher\PythonFile\Anaconda3;C:\WINDOWS\system32;C:\WINDOWS;C:\WINDOWS\System32\Wbem;C:\WINDOWS\System32\WindowsPowerShell\v1.0\;C:\WINDOWS\System32\OpenSSH\;F:\MBL\study\codingfile\launcher\JavaFile\Java\jdk-11.0.16.1\bin\;F:\MBL\study\codingfile\launcher\RFile\R-4.1.2\bin;C:\Program Files (x86)\Common Files\Oracle\Java\javapath;F:\MBL\study\codingfile\launcher\Nodejs\;C:\ProgramData\chocolatey\bin;F:\MBL\study\codingfile\launcher\GitFile\Git\cmd;C:\Program Files\Microsoft SQL Server\Client SDK\ODBC\170\Tools\Binn\;C:\Program Files (x86)\Microsoft SQL Server\150\Tools\Binn\;C:\Program Files\Microsoft SQL Server\150\Tools\Binn\;C:\Program Files\Microsoft SQL Server\150\DTS\Binn\;C:\Program Files (x86)\Microsoft SQL Server\150\DTS\Binn\;C:\Program Files\Azure Data Studio\bin;C:\Program Files\MySQL\MySQL Shell 8.0\bin\;C:\Users\kyk35\AppData\Local\Microsoft\WindowsApps;F:\MBL\study\codingfile\launcher\Nodejs\node_modules\npm;F:\MBL\study\codingfile\launcher\GitFile\Git\bin;F:\MBL\study\codingfile\launcher\DataBaseFile\PostgreSQL\bin;;C:\Program Files\Azure Data Studio\bin;C:\Program Files\Azure Data Studio\bin
USERNAME=17
OS=Windows_NT
PROCESSOR_IDENTIFIER=Intel64 Family 6 Model 142 Stepping 11, GenuineIntel



---------------  S Y S T E M  ---------------

OS: Windows 10 , 64 bit Build 19041 (10.0.19041.2251)
Hyper-V role detected

CPU:total 8 (initial active 8) (4 cores per cpu, 2 threads per core) family 6 model 142 stepping 11 microcode 0xae, cmov, cx8, fxsr, mmx, sse, sse2, sse3, ssse3, sse4.1, sse4.2, popcnt, avx, avx2, aes, clmul, erms, 3dnowpref, lzcnt, ht, tsc, tscinvbit, bmi1, bmi2, adx, fma

Memory: 4k page, system-wide physical 7986M (1431M free)
TotalPageFile size 16690M (AvailPageFile size 6013M)
current process WorkingSet (physical memory assigned to process): 74M, peak: 204M
current process commit charge ("private bytes"): 281M, peak: 281M

vm_info: Java HotSpot(TM) 64-Bit Server VM (11.0.16.1+1-LTS-1) for windows-amd64 JRE (11.0.16.1+1-LTS-1), built on Aug 16 2022 01:46:01 by "mach5one" with MS VC++ 15.9 (VS2017)

END.
